-------------------------------------------------------------------------------
Test set: com.kyle.springboot.PetClinic.services.springdatajpa.OwnerSDJpaServiceTest
-------------------------------------------------------------------------------
Tests run: 6, Failures: 0, Errors: 1, Skipped: 0, Time elapsed: 0.042 s <<< FAILURE! - in com.kyle.springboot.PetClinic.services.springdatajpa.OwnerSDJpaServiceTest
findByLastName  Time elapsed: 0.017 s  <<< ERROR!
java.lang.NullPointerException
	at com.kyle.springboot.PetClinic.services.springdatajpa.OwnerSDJpaServiceTest.findByLastName(OwnerSDJpaServiceTest.java:34)

